<?xml version="1.0" encoding="UTF-8"?>
<testsuite xmlns:xsi="http://www.w3.org/2001/XMLSchema-instance" xsi:noNamespaceSchemaLocation="https://maven.apache.org/surefire/maven-surefire-plugin/xsd/surefire-test-report.xsd" name="ru.netology.manager.ProductManagerTest" time="1.672" tests="7" errors="0" skipped="0" failures="0">
  <properties>
[...]
</properties>
  <testcase name="shouldPhoneSearchName" classname="ru.netology.manager.ProductManagerTest" time="0.13"/>
  <testcase name="shouldBookFalseSearch" classname="ru.netology.manager.ProductManagerTest" time="0.002"/>
  <testcase name="shouldPhoneFalseSearch" classname="ru.netology.manager.ProductManagerTest" time="0.002"/>
  <testcase name="shouldPhoneSearchCompany" classname="ru.netology.manager.ProductManagerTest" time="0.002"/>
  <testcase name="shouldSearchEmpty" classname="ru.netology.manager.ProductManagerTest" time="0.002"/>
  <testcase name="shouldBookSearchAuthor" classname="ru.netology.manager.ProductManagerTest" time="0.003"/>
  <testcase name="shouldBookSearchName" classname="ru.netology.manager.ProductManagerTest" time="0.002"/>
</testsuite>